0 info it worked if it ends with ok
1 verbose cli [ 'node',
1 verbose cli   '/usr/local/bin/npm',
1 verbose cli   'install',
1 verbose cli   'node-sass',
1 verbose cli   '--save-dev' ]
2 info using npm@2.7.4
3 info using node@v0.12.2
4 silly cache add args [ 'node-sass', null ]
5 verbose cache add spec node-sass
6 silly cache add parsed spec { raw: 'node-sass',
6 silly cache add   scope: null,
6 silly cache add   name: 'node-sass',
6 silly cache add   rawSpec: '',
6 silly cache add   spec: '*',
6 silly cache add   type: 'range' }
7 verbose addNamed node-sass@*
8 silly addNamed semver.valid null
9 silly addNamed semver.validRange *
10 silly addNameRange { name: 'node-sass', range: '*', hasData: false }
11 silly mapToRegistry name node-sass
12 silly mapToRegistry using default registry
13 silly mapToRegistry registry https://registry.npmjs.org/
14 silly mapToRegistry uri https://registry.npmjs.org/node-sass
15 verbose addNameRange registry:https://registry.npmjs.org/node-sass not in flight; fetching
16 verbose request uri https://registry.npmjs.org/node-sass
17 verbose request no auth needed
18 info attempt registry request try #1 at 19:20:45
19 verbose request id 61ab3691dee3207b
20 verbose etag "8BCW682MXCJHVRX1MGASWB6MI"
21 http request GET https://registry.npmjs.org/node-sass
22 http 200 https://registry.npmjs.org/node-sass
23 silly get cb [ 200,
23 silly get   { server: 'CouchDB/1.5.0 (Erlang OTP/R16B03)',
23 silly get     etag: '"EX9JBZTM5J48D6XVHAXJC6F0H"',
23 silly get     'content-type': 'application/json',
23 silly get     'cache-control': 'max-age=60',
23 silly get     'content-length': '126918',
23 silly get     'accept-ranges': 'bytes',
23 silly get     date: 'Tue, 12 May 2015 18:20:45 GMT',
23 silly get     via: '1.1 varnish',
23 silly get     age: '33',
23 silly get     connection: 'keep-alive',
23 silly get     'x-served-by': 'cache-ams4144-AMS',
23 silly get     'x-cache': 'HIT',
23 silly get     'x-cache-hits': '1',
23 silly get     'x-timer': 'S1431454845.906878,VS0,VE1',
23 silly get     vary: 'Accept' } ]
24 verbose get saving node-sass to /Users/Adrian/.npm/registry.npmjs.org/node-sass/.cache.json
25 silly addNameRange number 2 { name: 'node-sass', range: '*', hasData: true }
26 silly addNameRange versions [ 'node-sass',
26 silly addNameRange   [ '0.2.0',
26 silly addNameRange     '0.2.1',
26 silly addNameRange     '0.2.2',
26 silly addNameRange     '0.2.3',
26 silly addNameRange     '0.2.4',
26 silly addNameRange     '0.2.5',
26 silly addNameRange     '0.2.6',
26 silly addNameRange     '0.3.0',
26 silly addNameRange     '0.4.0',
26 silly addNameRange     '0.4.1',
26 silly addNameRange     '0.4.2',
26 silly addNameRange     '0.4.3',
26 silly addNameRange     '0.4.4',
26 silly addNameRange     '0.5.0',
26 silly addNameRange     '0.5.1',
26 silly addNameRange     '0.5.2',
26 silly addNameRange     '0.5.3',
26 silly addNameRange     '0.5.4',
26 silly addNameRange     '0.6.0',
26 silly addNameRange     '0.6.1',
26 silly addNameRange     '0.6.2',
26 silly addNameRange     '0.6.3',
26 silly addNameRange     '0.6.4',
26 silly addNameRange     '0.6.5',
26 silly addNameRange     '0.6.6',
26 silly addNameRange     '0.6.7',
26 silly addNameRange     '0.7.0-alpha',
26 silly addNameRange     '0.7.0',
26 silly addNameRange     '0.8.0',
26 silly addNameRange     '0.8.1',
26 silly addNameRange     '0.8.2',
26 silly addNameRange     '0.8.3',
26 silly addNameRange     '0.8.4',
26 silly addNameRange     '0.8.5',
26 silly addNameRange     '0.8.6',
26 silly addNameRange     '0.9.0',
26 silly addNameRange     '0.9.1',
26 silly addNameRange     '0.9.2',
26 silly addNameRange     '0.9.3',
26 silly addNameRange     '0.9.4-rc1',
26 silly addNameRange     '0.9.4',
26 silly addNameRange     '0.9.5-rc1',
26 silly addNameRange     '0.9.5',
26 silly addNameRange     '0.9.6',
26 silly addNameRange     '1.0.0',
26 silly addNameRange     '1.0.1',
26 silly addNameRange     '1.0.2-alpha',
26 silly addNameRange     '1.0.2',
26 silly addNameRange     '1.0.3',
26 silly addNameRange     '1.1.0',
26 silly addNameRange     '1.1.1',
26 silly addNameRange     '1.1.2',
26 silly addNameRange     '1.1.3',
26 silly addNameRange     '1.1.4',
26 silly addNameRange     '1.2.0',
26 silly addNameRange     '1.2.1',
26 silly addNameRange     '1.2.2',
26 silly addNameRange     '1.2.3',
26 silly addNameRange     '2.0.0-beta',
26 silly addNameRange     '2.0.0',
26 silly addNameRange     '2.0.1',
26 silly addNameRange     '3.0.0-alpha.0',
26 silly addNameRange     '3.0.0-beta.2',
26 silly addNameRange     '3.0.0-beta.3',
26 silly addNameRange     '3.0.0-beta.4',
26 silly addNameRange     '2.1.0',
26 silly addNameRange     '2.1.1',
26 silly addNameRange     '3.0.0-beta.5',
26 silly addNameRange     '3.0.0-beta.7',
26 silly addNameRange     '3.0.0' ] ]
27 verbose addNamed node-sass@3.0.0
28 silly addNamed semver.valid 3.0.0
29 silly addNamed semver.validRange 3.0.0
30 silly mapToRegistry name node-sass
31 silly mapToRegistry using default registry
32 silly mapToRegistry registry https://registry.npmjs.org/
33 silly mapToRegistry uri https://registry.npmjs.org/node-sass
34 verbose addRemoteTarball https://registry.npmjs.org/node-sass/-/node-sass-3.0.0.tgz not in flight; adding
35 verbose addRemoteTarball [ 'https://registry.npmjs.org/node-sass/-/node-sass-3.0.0.tgz',
35 verbose addRemoteTarball   '40e1c5a1f3ba55d9efcc6ff2e2f06cf2f937d70d' ]
36 info retry fetch attempt 1 at 19:20:46
37 info attempt registry request try #1 at 19:20:46
38 http fetch GET https://registry.npmjs.org/node-sass/-/node-sass-3.0.0.tgz
39 http fetch 200 https://registry.npmjs.org/node-sass/-/node-sass-3.0.0.tgz
40 silly fetchAndShaCheck shasum 40e1c5a1f3ba55d9efcc6ff2e2f06cf2f937d70d
41 verbose addTmpTarball /var/folders/kp/ppcx9bp50wb5gg6ltsm74j_c0000gn/T/npm-2109-dcad782c/registry.npmjs.org/node-sass/-/node-sass-3.0.0.tgz not in flight; adding
42 verbose addTmpTarball already have metadata; skipping unpack for node-sass@3.0.0
43 silly cache afterAdd node-sass@3.0.0
44 verbose afterAdd /Users/Adrian/.npm/node-sass/3.0.0/package/package.json not in flight; writing
45 verbose afterAdd /Users/Adrian/.npm/node-sass/3.0.0/package/package.json written
46 silly install resolved [ { name: 'node-sass',
46 silly install resolved     version: '3.0.0',
46 silly install resolved     libsass: '3.2.2',
46 silly install resolved     description: 'Wrapper around libsass',
46 silly install resolved     license: 'MIT',
46 silly install resolved     homepage: 'https://github.com/sass/node-sass',
46 silly install resolved     repository: { type: 'git', url: 'https://github.com/sass/node-sass' },
46 silly install resolved     author:
46 silly install resolved      { name: 'Andrew Nesbitt',
46 silly install resolved        email: 'andrewnez@gmail.com',
46 silly install resolved        url: 'http://andrew.github.com' },
46 silly install resolved     engines: { node: '>=0.10.0' },
46 silly install resolved     main: 'lib/index.js',
46 silly install resolved     nodeSassConfig: { binarySite: 'https://github.com/sass/node-sass/releases/download' },
46 silly install resolved     bin: { 'node-sass': 'bin/node-sass' },
46 silly install resolved     gypfile: true,
46 silly install resolved     scripts:
46 silly install resolved      { coverage: 'node scripts/coverage.js',
46 silly install resolved        install: 'node scripts/install.js',
46 silly install resolved        postinstall: 'node scripts/build.js',
46 silly install resolved        pretest: 'jshint bin lib scripts test',
46 silly install resolved        test: 'mocha test' },
46 silly install resolved     files: [ 'bin', 'binding.gyp', 'lib', 'scripts', 'src' ],
46 silly install resolved     keywords: [ 'css', 'libsass', 'preprocessor', 'sass', 'scss', 'style' ],
46 silly install resolved     dependencies:
46 silly install resolved      { 'async-foreach': '^0.1.3',
46 silly install resolved        chalk: '^1.0.0',
46 silly install resolved        gaze: '^0.5.1',
46 silly install resolved        'get-stdin': '^4.0.1',
46 silly install resolved        glob: '^5.0.3',
46 silly install resolved        meow: '^3.1.0',
46 silly install resolved        mkdirp: '^0.5.0',
46 silly install resolved        nan: '^1.8.4',
46 silly install resolved        npmconf: '^2.1.1',
46 silly install resolved        pangyp: 'git+https://github.com/am11/pangyp',
46 silly install resolved        request: '^2.55.0',
46 silly install resolved        'sass-graph': '^2.0.0' },
46 silly install resolved     devDependencies:
46 silly install resolved      { coveralls: '^2.11.2',
46 silly install resolved        'cross-spawn': '^0.2.8',
46 silly install resolved        jscoverage: '^0.5.9',
46 silly install resolved        jshint: '^2.6.3',
46 silly install resolved        mocha: '^2.2.1',
46 silly install resolved        'mocha-lcov-reporter': '^0.0.2',
46 silly install resolved        rimraf: '^2.3.2' },
46 silly install resolved     gitHead: '16be724d33a0768519fb30a80ba3d625af9bcb2e',
46 silly install resolved     bugs: { url: 'https://github.com/sass/node-sass/issues' },
46 silly install resolved     _id: 'node-sass@3.0.0',
46 silly install resolved     _shasum: '40e1c5a1f3ba55d9efcc6ff2e2f06cf2f937d70d',
46 silly install resolved     _from: 'node-sass@*',
46 silly install resolved     _npmVersion: '2.6.1',
46 silly install resolved     _nodeVersion: '0.10.29',
46 silly install resolved     _npmUser: { name: 'xzyfer', email: 'xzyfer@gmail.com' },
46 silly install resolved     maintainers: [ [Object], [Object], [Object], [Object], [Object], [Object] ],
46 silly install resolved     dist:
46 silly install resolved      { shasum: '40e1c5a1f3ba55d9efcc6ff2e2f06cf2f937d70d',
46 silly install resolved        tarball: 'http://registry.npmjs.org/node-sass/-/node-sass-3.0.0.tgz' },
46 silly install resolved     directories: {},
46 silly install resolved     _resolved: 'https://registry.npmjs.org/node-sass/-/node-sass-3.0.0.tgz' } ]
47 info install node-sass@3.0.0 into /Users/Adrian/Documents/workspace/PL/proyecto/PEG_PROJECT
48 info installOne node-sass@3.0.0
49 verbose installOne of node-sass to /Users/Adrian/Documents/workspace/PL/proyecto/PEG_PROJECT not in flight; installing
50 verbose lock using /Users/Adrian/.npm/_locks/node-sass-6d65bd2719a5c345.lock for /Users/Adrian/Documents/workspace/PL/proyecto/PEG_PROJECT/node_modules/node-sass
51 silly install write writing node-sass 3.0.0 to /Users/Adrian/Documents/workspace/PL/proyecto/PEG_PROJECT/node_modules/node-sass
52 silly cache addNamed cb node-sass@3.0.0
53 verbose unbuild node_modules/node-sass
54 silly gentlyRm /Users/Adrian/Documents/workspace/PL/proyecto/PEG_PROJECT/node_modules/node-sass is being purged from base /Users/Adrian/Documents/workspace/PL/proyecto/PEG_PROJECT
55 verbose gentlyRm don't care about contents; nuking /Users/Adrian/Documents/workspace/PL/proyecto/PEG_PROJECT/node_modules/node-sass
56 verbose tar unpack /Users/Adrian/.npm/node-sass/3.0.0/package.tgz
57 verbose tar unpacking to /Users/Adrian/Documents/workspace/PL/proyecto/PEG_PROJECT/node_modules/node-sass
58 silly gentlyRm /Users/Adrian/Documents/workspace/PL/proyecto/PEG_PROJECT/node_modules/node-sass is being purged
59 verbose gentlyRm don't care about contents; nuking /Users/Adrian/Documents/workspace/PL/proyecto/PEG_PROJECT/node_modules/node-sass
60 silly gunzTarPerm modes [ '755', '644' ]
61 silly gunzTarPerm extractEntry package.json
62 silly gunzTarPerm extractEntry README.md
63 silly gunzTarPerm extractEntry LICENSE
64 silly gunzTarPerm extractEntry bin/node-sass
65 silly gunzTarPerm extractEntry binding.gyp
66 silly gunzTarPerm extractEntry lib/extensions.js
67 silly gunzTarPerm extractEntry lib/index.js
68 silly gunzTarPerm extractEntry lib/render.js
69 silly gunzTarPerm extractEntry scripts/build.js
70 silly gunzTarPerm extractEntry scripts/coverage.js
71 silly gunzTarPerm extractEntry scripts/install.js
72 silly gunzTarPerm extractEntry src/custom_importer_bridge.cpp
73 silly gunzTarPerm extractEntry src/binding.cpp
74 silly gunzTarPerm extractEntry src/create_string.cpp
75 silly gunzTarPerm extractEntry src/create_string.h
76 silly gunzTarPerm extractEntry src/custom_function_bridge.cpp
77 silly gunzTarPerm extractEntry src/custom_function_bridge.h
78 silly gunzTarPerm extractEntry src/callback_bridge.h
79 silly gunzTarPerm extractEntry src/custom_importer_bridge.h
80 silly gunzTarPerm extractEntry src/libsass/.npmignore
81 silly gunzTarPerm extractEntry src/libsass/LICENSE
82 silly gunzTarPerm extractEntry src/libsass/lexer.hpp
83 silly gunzTarPerm extractEntry src/libsass/.travis.yml
84 silly gunzTarPerm extractEntry src/libsass/COPYING
85 silly gunzTarPerm extractEntry src/libsass/INSTALL
86 silly gunzTarPerm extractEntry src/libsass/.editorconfig
87 silly gunzTarPerm extractEntry src/libsass/Makefile
88 silly gunzTarPerm extractEntry src/libsass/Makefile.am
89 silly gunzTarPerm extractEntry src/libsass/Readme.md
90 silly gunzTarPerm extractEntry src/libsass/appveyor.yml
91 silly gunzTarPerm extractEntry src/libsass/ast.cpp
92 silly gunzTarPerm extractEntry src/libsass/ast.hpp
93 silly gunzTarPerm extractEntry src/libsass/ast_def_macros.hpp
94 silly gunzTarPerm extractEntry src/libsass/ast_factory.hpp
95 silly gunzTarPerm extractEntry src/libsass/ast_fwd_decl.hpp
96 silly gunzTarPerm extractEntry src/libsass/b64/cencode.h
97 silly gunzTarPerm extractEntry src/libsass/b64/encode.h
98 silly gunzTarPerm extractEntry src/libsass/backtrace.hpp
99 silly gunzTarPerm extractEntry src/libsass/base64vlq.cpp
100 silly gunzTarPerm extractEntry src/libsass/base64vlq.hpp
101 silly gunzTarPerm extractEntry src/libsass/bind.cpp
102 silly gunzTarPerm extractEntry src/libsass/bind.hpp
103 silly gunzTarPerm extractEntry src/libsass/cencode.c
104 silly gunzTarPerm extractEntry src/libsass/color_names.hpp
105 silly gunzTarPerm extractEntry src/libsass/configure.ac
106 silly gunzTarPerm extractEntry src/libsass/constants.cpp
107 silly gunzTarPerm extractEntry src/libsass/constants.hpp
108 silly gunzTarPerm extractEntry src/libsass/context.cpp
109 silly gunzTarPerm extractEntry src/libsass/context.hpp
110 silly gunzTarPerm extractEntry src/libsass/contextualize.cpp
111 silly gunzTarPerm extractEntry src/libsass/contextualize.hpp
112 silly gunzTarPerm extractEntry src/libsass/contextualize_eval.cpp
113 silly gunzTarPerm extractEntry src/libsass/contextualize_eval.hpp
114 silly gunzTarPerm extractEntry src/libsass/contrib/libsass.spec
115 silly gunzTarPerm extractEntry src/libsass/contrib/plugin.cpp
116 silly gunzTarPerm extractEntry src/libsass/cssize.cpp
117 silly gunzTarPerm extractEntry src/libsass/cssize.hpp
118 silly gunzTarPerm extractEntry src/libsass/debug.hpp
119 silly gunzTarPerm extractEntry src/libsass/debugger.hpp
120 silly gunzTarPerm extractEntry src/libsass/emitter.cpp
121 silly gunzTarPerm extractEntry src/libsass/emitter.hpp
122 silly gunzTarPerm extractEntry src/libsass/environment.hpp
123 silly gunzTarPerm extractEntry src/libsass/error_handling.cpp
124 silly gunzTarPerm extractEntry src/libsass/error_handling.hpp
125 silly gunzTarPerm extractEntry src/libsass/eval.cpp
126 silly gunzTarPerm extractEntry src/libsass/eval.hpp
127 silly gunzTarPerm extractEntry src/libsass/expand.cpp
128 silly gunzTarPerm extractEntry src/libsass/expand.hpp
129 silly gunzTarPerm extractEntry src/libsass/extconf.rb
130 silly gunzTarPerm extractEntry src/libsass/extend.cpp
131 silly gunzTarPerm extractEntry src/libsass/extend.hpp
132 silly gunzTarPerm extractEntry src/libsass/file.cpp
133 silly gunzTarPerm extractEntry src/libsass/file.hpp
134 silly gunzTarPerm extractEntry src/libsass/functions.cpp
135 silly gunzTarPerm extractEntry src/libsass/functions.hpp
136 silly gunzTarPerm extractEntry src/libsass/inspect.cpp
137 silly gunzTarPerm extractEntry src/libsass/inspect.hpp
138 silly gunzTarPerm extractEntry src/libsass/json.cpp
139 silly gunzTarPerm extractEntry src/libsass/json.hpp
140 silly gunzTarPerm extractEntry src/libsass/kwd_arg_macros.hpp
141 silly gunzTarPerm extractEntry src/libsass/lexer.cpp
142 silly gunzTarPerm extractEntry src/libsass/.gitattributes
143 silly gunzTarPerm extractEntry src/libsass/listize.cpp
144 silly gunzTarPerm extractEntry src/libsass/listize.hpp
145 silly gunzTarPerm extractEntry src/libsass/m4/.gitkeep
146 silly gunzTarPerm extractEntry src/libsass/mapping.hpp
147 silly gunzTarPerm extractEntry src/libsass/memory_manager.hpp
148 silly gunzTarPerm extractEntry src/libsass/node.cpp
149 silly gunzTarPerm extractEntry src/libsass/node.hpp
150 silly gunzTarPerm extractEntry src/libsass/operation.hpp
151 silly gunzTarPerm extractEntry src/libsass/output.cpp
152 silly gunzTarPerm extractEntry src/libsass/output.hpp
153 silly gunzTarPerm extractEntry src/libsass/parser.cpp
154 silly gunzTarPerm extractEntry src/libsass/parser.hpp
155 silly gunzTarPerm extractEntry src/libsass/paths.hpp
156 silly gunzTarPerm extractEntry src/libsass/plugins.cpp
157 silly gunzTarPerm extractEntry src/libsass/plugins.hpp
158 silly gunzTarPerm extractEntry src/libsass/position.cpp
159 silly gunzTarPerm extractEntry src/libsass/position.hpp
160 silly gunzTarPerm extractEntry src/libsass/posix/getopt.c
161 silly gunzTarPerm extractEntry src/libsass/posix/getopt.h
162 silly gunzTarPerm extractEntry src/libsass/prelexer.cpp
163 silly gunzTarPerm extractEntry src/libsass/prelexer.hpp
164 silly gunzTarPerm extractEntry src/libsass/remove_placeholders.cpp
165 silly gunzTarPerm extractEntry src/libsass/remove_placeholders.hpp
166 silly gunzTarPerm extractEntry src/libsass/res/resource.rc
167 silly gunzTarPerm extractEntry src/libsass/sass.cpp
168 silly gunzTarPerm extractEntry src/libsass/sass.h
169 silly gunzTarPerm extractEntry src/libsass/sass2scss.cpp
170 silly gunzTarPerm extractEntry src/libsass/sass2scss.h
171 silly gunzTarPerm extractEntry src/libsass/sass_context.cpp
172 silly gunzTarPerm extractEntry src/libsass/sass_context.h
173 silly gunzTarPerm extractEntry src/libsass/sass_functions.cpp
174 silly gunzTarPerm extractEntry src/libsass/sass_functions.h
175 silly gunzTarPerm extractEntry src/libsass/sass_interface.cpp
176 silly gunzTarPerm extractEntry src/libsass/sass_interface.h
177 silly gunzTarPerm extractEntry src/libsass/sass_util.cpp
178 silly gunzTarPerm extractEntry src/libsass/sass_util.hpp
179 silly gunzTarPerm extractEntry src/libsass/sass_values.cpp
180 silly gunzTarPerm extractEntry src/libsass/sass_values.h
181 silly gunzTarPerm extractEntry src/libsass/sass_version.h
182 silly gunzTarPerm extractEntry src/libsass/sass_version.h.in
183 silly gunzTarPerm extractEntry src/libsass/script/bootstrap
184 silly gunzTarPerm extractEntry src/libsass/script/branding
185 silly gunzTarPerm extractEntry src/libsass/script/ci-build-libsass
186 silly gunzTarPerm extractEntry src/libsass/script/ci-install-compiler
187 silly gunzTarPerm extractEntry src/libsass/script/ci-install-deps
188 silly gunzTarPerm extractEntry src/libsass/script/ci-report-coverage
189 silly gunzTarPerm extractEntry src/libsass/script/coveralls-debug
190 silly gunzTarPerm extractEntry src/libsass/script/spec
191 silly gunzTarPerm extractEntry src/libsass/script/tap-driver
192 silly gunzTarPerm extractEntry src/libsass/script/tap-runner
193 silly gunzTarPerm extractEntry src/libsass/source_map.cpp
194 silly gunzTarPerm extractEntry src/libsass/source_map.hpp
195 silly gunzTarPerm extractEntry src/libsass/subset_map.hpp
196 silly gunzTarPerm extractEntry src/libsass/support/libsass.pc.in
197 silly gunzTarPerm extractEntry src/libsass/test/test_node.cpp
198 silly gunzTarPerm extractEntry src/libsass/test/test_paths.cpp
199 silly gunzTarPerm extractEntry src/libsass/test/test_selector_difference.cpp
200 silly gunzTarPerm extractEntry src/libsass/test/test_specificity.cpp
201 silly gunzTarPerm extractEntry src/libsass/test/test_subset_map.cpp
202 silly gunzTarPerm extractEntry src/libsass/test/test_superselector.cpp
203 silly gunzTarPerm extractEntry src/libsass/test/test_unification.cpp
204 silly gunzTarPerm extractEntry src/libsass/to_c.cpp
205 silly gunzTarPerm extractEntry src/libsass/to_c.hpp
206 silly gunzTarPerm extractEntry src/libsass/to_string.cpp
207 silly gunzTarPerm extractEntry src/libsass/to_string.hpp
208 silly gunzTarPerm extractEntry src/libsass/units.cpp
209 silly gunzTarPerm extractEntry src/libsass/units.hpp
210 silly gunzTarPerm extractEntry src/libsass/utf8/checked.h
211 silly gunzTarPerm extractEntry src/libsass/utf8/core.h
212 silly gunzTarPerm extractEntry src/libsass/utf8/unchecked.h
213 silly gunzTarPerm extractEntry src/libsass/utf8.h
214 silly gunzTarPerm extractEntry src/libsass/utf8_string.cpp
215 silly gunzTarPerm extractEntry src/libsass/utf8_string.hpp
216 silly gunzTarPerm extractEntry src/libsass/util.cpp
217 silly gunzTarPerm extractEntry src/libsass/util.hpp
218 silly gunzTarPerm extractEntry src/libsass/version.sh
219 silly gunzTarPerm extractEntry src/libsass/win/libsass.filters
220 silly gunzTarPerm extractEntry src/libsass/win/libsass.sln
221 silly gunzTarPerm extractEntry src/libsass/win/libsass.vcxproj
222 silly gunzTarPerm extractEntry src/libsass.gyp
223 silly gunzTarPerm extractEntry src/sass_context_wrapper.cpp
224 silly gunzTarPerm extractEntry src/sass_context_wrapper.h
225 silly gunzTarPerm extractEntry src/sass_types/map.cpp
226 silly gunzTarPerm extractEntry src/sass_types/boolean.cpp
227 silly gunzTarPerm extractEntry src/sass_types/color.cpp
228 silly gunzTarPerm extractEntry src/sass_types/color.h
229 silly gunzTarPerm extractEntry src/sass_types/error.cpp
230 silly gunzTarPerm extractEntry src/sass_types/error.h
231 silly gunzTarPerm extractEntry src/sass_types/factory.cpp
232 silly gunzTarPerm extractEntry src/sass_types/factory.h
233 silly gunzTarPerm extractEntry src/sass_types/list.cpp
234 silly gunzTarPerm extractEntry src/sass_types/list.h
235 silly gunzTarPerm extractEntry src/sass_types/boolean.h
236 silly gunzTarPerm extractEntry src/sass_types/map.h
237 silly gunzTarPerm extractEntry src/sass_types/null.cpp
238 silly gunzTarPerm extractEntry src/sass_types/null.h
239 silly gunzTarPerm extractEntry src/sass_types/number.cpp
240 silly gunzTarPerm extractEntry src/sass_types/number.h
241 silly gunzTarPerm extractEntry src/sass_types/sass_value_wrapper.h
242 silly gunzTarPerm extractEntry src/sass_types/string.cpp
243 silly gunzTarPerm extractEntry src/sass_types/string.h
244 silly gunzTarPerm extractEntry src/sass_types/value.h
245 info preinstall node-sass@3.0.0
246 silly prepareForInstallMany adding async-foreach@^0.1.3 from node-sass dependencies
247 silly prepareForInstallMany adding chalk@^1.0.0 from node-sass dependencies
248 silly prepareForInstallMany adding gaze@^0.5.1 from node-sass dependencies
249 silly prepareForInstallMany adding get-stdin@^4.0.1 from node-sass dependencies
250 silly prepareForInstallMany adding glob@^5.0.3 from node-sass dependencies
251 silly prepareForInstallMany adding meow@^3.1.0 from node-sass dependencies
252 silly prepareForInstallMany adding mkdirp@^0.5.0 from node-sass dependencies
253 silly prepareForInstallMany adding nan@^1.8.4 from node-sass dependencies
254 silly prepareForInstallMany adding npmconf@^2.1.1 from node-sass dependencies
255 silly prepareForInstallMany adding pangyp@git+https://github.com/am11/pangyp from node-sass dependencies
256 silly prepareForInstallMany adding request@^2.55.0 from node-sass dependencies
257 silly prepareForInstallMany adding sass-graph@^2.0.0 from node-sass dependencies
258 silly cache add args [ 'gaze@^0.5.1', null ]
259 verbose cache add spec gaze@^0.5.1
260 silly cache add parsed spec { raw: 'gaze@^0.5.1',
260 silly cache add   scope: null,
260 silly cache add   name: 'gaze',
260 silly cache add   rawSpec: '^0.5.1',
260 silly cache add   spec: '>=0.5.1 <0.6.0',
260 silly cache add   type: 'range' }
261 verbose addNamed gaze@>=0.5.1 <0.6.0
262 silly addNamed semver.valid null
263 silly addNamed semver.validRange >=0.5.1 <0.6.0
264 silly addNameRange { name: 'gaze', range: '>=0.5.1 <0.6.0', hasData: false }
265 silly mapToRegistry name gaze
266 silly mapToRegistry using default registry
267 silly mapToRegistry registry https://registry.npmjs.org/
268 silly mapToRegistry uri https://registry.npmjs.org/gaze
269 verbose addNameRange registry:https://registry.npmjs.org/gaze not in flight; fetching
270 silly cache add args [ 'get-stdin@^4.0.1', null ]
271 verbose cache add spec get-stdin@^4.0.1
272 silly cache add parsed spec { raw: 'get-stdin@^4.0.1',
272 silly cache add   scope: null,
272 silly cache add   name: 'get-stdin',
272 silly cache add   rawSpec: '^4.0.1',
272 silly cache add   spec: '>=4.0.1 <5.0.0',
272 silly cache add   type: 'range' }
273 verbose addNamed get-stdin@>=4.0.1 <5.0.0
274 silly addNamed semver.valid null
275 silly addNamed semver.validRange >=4.0.1 <5.0.0
276 silly addNameRange { name: 'get-stdin', range: '>=4.0.1 <5.0.0', hasData: false }
277 silly mapToRegistry name get-stdin
278 silly mapToRegistry using default registry
279 silly mapToRegistry registry https://registry.npmjs.org/
280 silly mapToRegistry uri https://registry.npmjs.org/get-stdin
281 verbose addNameRange registry:https://registry.npmjs.org/get-stdin not in flight; fetching
282 silly cache add args [ 'glob@^5.0.3', null ]
283 verbose cache add spec glob@^5.0.3
284 silly cache add parsed spec { raw: 'glob@^5.0.3',
284 silly cache add   scope: null,
284 silly cache add   name: 'glob',
284 silly cache add   rawSpec: '^5.0.3',
284 silly cache add   spec: '>=5.0.3 <6.0.0',
284 silly cache add   type: 'range' }
285 verbose addNamed glob@>=5.0.3 <6.0.0
286 silly addNamed semver.valid null
287 silly addNamed semver.validRange >=5.0.3 <6.0.0
288 silly addNameRange { name: 'glob', range: '>=5.0.3 <6.0.0', hasData: false }
289 silly mapToRegistry name glob
290 silly mapToRegistry using default registry
291 silly mapToRegistry registry https://registry.npmjs.org/
292 silly mapToRegistry uri https://registry.npmjs.org/glob
293 verbose addNameRange registry:https://registry.npmjs.org/glob not in flight; fetching
294 silly cache add args [ 'meow@^3.1.0', null ]
295 verbose cache add spec meow@^3.1.0
296 silly cache add parsed spec { raw: 'meow@^3.1.0',
296 silly cache add   scope: null,
296 silly cache add   name: 'meow',
296 silly cache add   rawSpec: '^3.1.0',
296 silly cache add   spec: '>=3.1.0 <4.0.0',
296 silly cache add   type: 'range' }
297 verbose addNamed meow@>=3.1.0 <4.0.0
298 silly addNamed semver.valid null
299 silly addNamed semver.validRange >=3.1.0 <4.0.0
300 silly addNameRange { name: 'meow', range: '>=3.1.0 <4.0.0', hasData: false }
301 silly mapToRegistry name meow
302 silly mapToRegistry using default registry
303 silly mapToRegistry registry https://registry.npmjs.org/
304 silly mapToRegistry uri https://registry.npmjs.org/meow
305 verbose addNameRange registry:https://registry.npmjs.org/meow not in flight; fetching
306 silly cache add args [ 'mkdirp@^0.5.0', null ]
307 verbose cache add spec mkdirp@^0.5.0
308 silly cache add parsed spec { raw: 'mkdirp@^0.5.0',
308 silly cache add   scope: null,
308 silly cache add   name: 'mkdirp',
308 silly cache add   rawSpec: '^0.5.0',
308 silly cache add   spec: '>=0.5.0 <0.6.0',
308 silly cache add   type: 'range' }
309 verbose addNamed mkdirp@>=0.5.0 <0.6.0
310 silly addNamed semver.valid null
311 silly addNamed semver.validRange >=0.5.0 <0.6.0
312 silly addNameRange { name: 'mkdirp', range: '>=0.5.0 <0.6.0', hasData: false }
313 silly mapToRegistry name mkdirp
314 silly mapToRegistry using default registry
315 silly mapToRegistry registry https://registry.npmjs.org/
316 silly mapToRegistry uri https://registry.npmjs.org/mkdirp
317 verbose addNameRange registry:https://registry.npmjs.org/mkdirp not in flight; fetching
318 silly cache add args [ 'nan@^1.8.4', null ]
319 verbose cache add spec nan@^1.8.4
320 silly cache add parsed spec { raw: 'nan@^1.8.4',
320 silly cache add   scope: null,
320 silly cache add   name: 'nan',
320 silly cache add   rawSpec: '^1.8.4',
320 silly cache add   spec: '>=1.8.4 <2.0.0',
320 silly cache add   type: 'range' }
321 verbose addNamed nan@>=1.8.4 <2.0.0
322 silly addNamed semver.valid null
323 silly addNamed semver.validRange >=1.8.4 <2.0.0
324 silly addNameRange { name: 'nan', range: '>=1.8.4 <2.0.0', hasData: false }
325 silly mapToRegistry name nan
326 silly mapToRegistry using default registry
327 silly mapToRegistry registry https://registry.npmjs.org/
328 silly mapToRegistry uri https://registry.npmjs.org/nan
329 verbose addNameRange registry:https://registry.npmjs.org/nan not in flight; fetching
330 silly cache add args [ 'npmconf@^2.1.1', null ]
331 verbose cache add spec npmconf@^2.1.1
332 silly cache add parsed spec { raw: 'npmconf@^2.1.1',
332 silly cache add   scope: null,
332 silly cache add   name: 'npmconf',
332 silly cache add   rawSpec: '^2.1.1',
332 silly cache add   spec: '>=2.1.1 <3.0.0',
332 silly cache add   type: 'range' }
333 verbose addNamed npmconf@>=2.1.1 <3.0.0
334 silly addNamed semver.valid null
335 silly addNamed semver.validRange >=2.1.1 <3.0.0
336 silly addNameRange { name: 'npmconf', range: '>=2.1.1 <3.0.0', hasData: false }
337 silly mapToRegistry name npmconf
338 silly mapToRegistry using default registry
339 silly mapToRegistry registry https://registry.npmjs.org/
340 silly mapToRegistry uri https://registry.npmjs.org/npmconf
341 verbose addNameRange registry:https://registry.npmjs.org/npmconf not in flight; fetching
342 silly cache add args [ 'pangyp@git+https://github.com/am11/pangyp', null ]
343 verbose cache add spec pangyp@git+https://github.com/am11/pangyp
344 silly cache add args [ 'request@^2.55.0', null ]
345 verbose cache add spec request@^2.55.0
346 silly cache add parsed spec { raw: 'request@^2.55.0',
346 silly cache add   scope: null,
346 silly cache add   name: 'request',
346 silly cache add   rawSpec: '^2.55.0',
346 silly cache add   spec: '>=2.55.0 <3.0.0',
346 silly cache add   type: 'range' }
347 verbose addNamed request@>=2.55.0 <3.0.0
348 silly addNamed semver.valid null
349 silly addNamed semver.validRange >=2.55.0 <3.0.0
350 silly addNameRange { name: 'request', range: '>=2.55.0 <3.0.0', hasData: false }
351 silly mapToRegistry name request
352 silly mapToRegistry using default registry
353 silly mapToRegistry registry https://registry.npmjs.org/
354 silly mapToRegistry uri https://registry.npmjs.org/request
355 verbose addNameRange registry:https://registry.npmjs.org/request not in flight; fetching
356 silly cache add args [ 'sass-graph@^2.0.0', null ]
357 verbose cache add spec sass-graph@^2.0.0
358 silly cache add parsed spec { raw: 'sass-graph@^2.0.0',
358 silly cache add   scope: null,
358 silly cache add   name: 'sass-graph',
358 silly cache add   rawSpec: '^2.0.0',
358 silly cache add   spec: '>=2.0.0 <3.0.0',
358 silly cache add   type: 'range' }
359 verbose addNamed sass-graph@>=2.0.0 <3.0.0
360 silly addNamed semver.valid null
361 silly addNamed semver.validRange >=2.0.0 <3.0.0
362 silly addNameRange { name: 'sass-graph', range: '>=2.0.0 <3.0.0', hasData: false }
363 silly mapToRegistry name sass-graph
364 silly mapToRegistry using default registry
365 silly mapToRegistry registry https://registry.npmjs.org/
366 silly mapToRegistry uri https://registry.npmjs.org/sass-graph
367 verbose addNameRange registry:https://registry.npmjs.org/sass-graph not in flight; fetching
368 silly cache add args [ 'async-foreach@^0.1.3', null ]
369 verbose cache add spec async-foreach@^0.1.3
370 silly cache add parsed spec { raw: 'async-foreach@^0.1.3',
370 silly cache add   scope: null,
370 silly cache add   name: 'async-foreach',
370 silly cache add   rawSpec: '^0.1.3',
370 silly cache add   spec: '>=0.1.3 <0.2.0',
370 silly cache add   type: 'range' }
371 verbose addNamed async-foreach@>=0.1.3 <0.2.0
372 silly addNamed semver.valid null
373 silly addNamed semver.validRange >=0.1.3 <0.2.0
374 silly addNameRange { name: 'async-foreach',
374 silly addNameRange   range: '>=0.1.3 <0.2.0',
374 silly addNameRange   hasData: false }
375 silly mapToRegistry name async-foreach
376 silly mapToRegistry using default registry
377 silly mapToRegistry registry https://registry.npmjs.org/
378 silly mapToRegistry uri https://registry.npmjs.org/async-foreach
379 verbose addNameRange registry:https://registry.npmjs.org/async-foreach not in flight; fetching
380 silly cache add args [ 'chalk@^1.0.0', null ]
381 verbose cache add spec chalk@^1.0.0
382 silly cache add parsed spec { raw: 'chalk@^1.0.0',
382 silly cache add   scope: null,
382 silly cache add   name: 'chalk',
382 silly cache add   rawSpec: '^1.0.0',
382 silly cache add   spec: '>=1.0.0 <2.0.0',
382 silly cache add   type: 'range' }
383 verbose addNamed chalk@>=1.0.0 <2.0.0
384 silly addNamed semver.valid null
385 silly addNamed semver.validRange >=1.0.0 <2.0.0
386 silly addNameRange { name: 'chalk', range: '>=1.0.0 <2.0.0', hasData: false }
387 silly mapToRegistry name chalk
388 silly mapToRegistry using default registry
389 silly mapToRegistry registry https://registry.npmjs.org/
390 silly mapToRegistry uri https://registry.npmjs.org/chalk
391 verbose addNameRange registry:https://registry.npmjs.org/chalk not in flight; fetching
392 silly cache add parsed spec { raw: 'pangyp@git+https://github.com/am11/pangyp',
392 silly cache add   scope: null,
392 silly cache add   name: 'pangyp',
392 silly cache add   rawSpec: 'git+https://github.com/am11/pangyp',
392 silly cache add   spec: 'git+ssh://git@github.com/am11/pangyp.git',
392 silly cache add   type: 'hosted',
392 silly cache add   hosted:
392 silly cache add    { type: 'github',
392 silly cache add      ssh: 'git@github.com:am11/pangyp.git',
392 silly cache add      sshUrl: 'git+ssh://git@github.com/am11/pangyp.git',
392 silly cache add      httpsUrl: 'https://github.com/am11/pangyp.git',
392 silly cache add      directUrl: 'https://raw.githubusercontent.com/am11/pangyp/master/package.json' } }
393 info maybeGithub Attempting git+https://github.com/am11/pangyp from git://github.com/am11/pangyp.git
394 verbose addRemoteGit git-github-com-am11-pangyp-git-7eb24aaa not in flight; caching
395 verbose request uri https://registry.npmjs.org/async-foreach
396 verbose request no auth needed
397 info attempt registry request try #1 at 19:20:47
398 http request GET https://registry.npmjs.org/async-foreach
399 verbose request uri https://registry.npmjs.org/get-stdin
400 verbose request no auth needed
401 info attempt registry request try #1 at 19:20:47
402 verbose etag "2BIMV9BIWVCQ8JGJ14KAEP3I0"
403 http request GET https://registry.npmjs.org/get-stdin
404 verbose request uri https://registry.npmjs.org/gaze
405 verbose request no auth needed
406 info attempt registry request try #1 at 19:20:47
407 verbose etag "9DU5ARSDTZLR9EVK2E8J2SQ9T"
408 http request GET https://registry.npmjs.org/gaze
409 verbose request uri https://registry.npmjs.org/meow
410 verbose request no auth needed
411 info attempt registry request try #1 at 19:20:47
412 verbose etag "10ZQ2FVJ47D5M5WB1X4SAWQ04"
413 http request GET https://registry.npmjs.org/meow
414 verbose request uri https://registry.npmjs.org/mkdirp
415 verbose request no auth needed
416 info attempt registry request try #1 at 19:20:47
417 verbose etag "9PT3APOPCTG7ZB8ZHKLNLHQ2T"
418 http request GET https://registry.npmjs.org/mkdirp
419 verbose request uri https://registry.npmjs.org/glob
420 verbose request no auth needed
421 info attempt registry request try #1 at 19:20:47
422 verbose etag "4AEVR5LRGHQJ383WEA9WOY317"
423 http request GET https://registry.npmjs.org/glob
424 verbose request uri https://registry.npmjs.org/nan
425 verbose request no auth needed
426 info attempt registry request try #1 at 19:20:47
427 verbose etag "2RVNOBUBIPFCFHXKKPTSTKGB8"
428 http request GET https://registry.npmjs.org/nan
429 verbose request uri https://registry.npmjs.org/npmconf
430 verbose request no auth needed
431 info attempt registry request try #1 at 19:20:47
432 verbose etag "BIMZ2D65K180LLQ9AUTWNT859"
433 http request GET https://registry.npmjs.org/npmconf
434 verbose request uri https://registry.npmjs.org/request
435 verbose request no auth needed
436 info attempt registry request try #1 at 19:20:47
437 verbose etag "BUFHBHUZHMBKEQAQ7S2NVYLGA"
438 http request GET https://registry.npmjs.org/request
439 verbose request uri https://registry.npmjs.org/chalk
440 verbose request no auth needed
441 info attempt registry request try #1 at 19:20:47
442 verbose etag "E4LJLY2RETZXXQG7LB50C98SN"
443 http request GET https://registry.npmjs.org/chalk
444 verbose request uri https://registry.npmjs.org/sass-graph
445 verbose request no auth needed
446 info attempt registry request try #1 at 19:20:47
447 verbose etag "2505MB6J5LVGC1DFQXTKXV5WS"
448 http request GET https://registry.npmjs.org/sass-graph
449 info git [ 'clone',
449 info git   '--template=/Users/Adrian/.npm/_git-remotes/_templates',
449 info git   '--mirror',
449 info git   'git://github.com/am11/pangyp.git',
449 info git   '/Users/Adrian/.npm/_git-remotes/git-github-com-am11-pangyp-git-7eb24aaa' ]
450 http 200 https://registry.npmjs.org/async-foreach
451 silly get cb [ 200,
451 silly get   { server: 'CouchDB/1.5.0 (Erlang OTP/R16B03)',
451 silly get     etag: '"8WZ420WJCFQ7T92X0I76H1XXF"',
451 silly get     'content-type': 'application/json',
451 silly get     'cache-control': 'max-age=60',
451 silly get     'content-length': '13389',
451 silly get     'accept-ranges': 'bytes',
451 silly get     date: 'Tue, 12 May 2015 18:20:47 GMT',
451 silly get     via: '1.1 varnish',
451 silly get     age: '32',
451 silly get     connection: 'keep-alive',
451 silly get     'x-served-by': 'cache-ams4146-AMS',
451 silly get     'x-cache': 'HIT',
451 silly get     'x-cache-hits': '9',
451 silly get     'x-timer': 'S1431454847.587858,VS0,VE0',
451 silly get     vary: 'Accept' } ]
452 verbose get saving async-foreach to /Users/Adrian/.npm/registry.npmjs.org/async-foreach/.cache.json
453 silly addNameRange number 2 { name: 'async-foreach', range: '>=0.1.3 <0.2.0', hasData: true }
454 silly addNameRange versions [ 'async-foreach', [ '0.1.2', '0.1.3' ] ]
455 verbose addNamed async-foreach@0.1.3
456 silly addNamed semver.valid 0.1.3
457 silly addNamed semver.validRange 0.1.3
458 silly mapToRegistry name async-foreach
459 silly mapToRegistry using default registry
460 silly mapToRegistry registry https://registry.npmjs.org/
461 silly mapToRegistry uri https://registry.npmjs.org/async-foreach
462 verbose addRemoteTarball https://registry.npmjs.org/async-foreach/-/async-foreach-0.1.3.tgz not in flight; adding
463 verbose addRemoteTarball [ 'https://registry.npmjs.org/async-foreach/-/async-foreach-0.1.3.tgz',
463 verbose addRemoteTarball   '36121f845c0578172de419a97dbeb1d16ec34542' ]
464 http 304 https://registry.npmjs.org/get-stdin
465 silly get cb [ 304,
465 silly get   { date: 'Tue, 12 May 2015 18:20:47 GMT',
465 silly get     via: '1.1 varnish',
465 silly get     'cache-control': 'max-age=60',
465 silly get     etag: '"2BIMV9BIWVCQ8JGJ14KAEP3I0"',
465 silly get     age: '25',
465 silly get     connection: 'keep-alive',
465 silly get     'x-served-by': 'cache-ams4122-AMS',
465 silly get     'x-cache': 'HIT',
465 silly get     'x-cache-hits': '2',
465 silly get     'x-timer': 'S1431454847.614462,VS0,VE0',
465 silly get     vary: 'Accept' } ]
466 verbose etag https://registry.npmjs.org/get-stdin from cache
467 verbose get saving get-stdin to /Users/Adrian/.npm/registry.npmjs.org/get-stdin/.cache.json
468 info retry fetch attempt 1 at 19:20:47
469 info attempt registry request try #1 at 19:20:47
470 http fetch GET https://registry.npmjs.org/async-foreach/-/async-foreach-0.1.3.tgz
471 silly addNameRange number 2 { name: 'get-stdin', range: '>=4.0.1 <5.0.0', hasData: true }
472 silly addNameRange versions [ 'get-stdin',
472 silly addNameRange   [ '0.1.0',
472 silly addNameRange     '1.0.0',
472 silly addNameRange     '2.0.0',
472 silly addNameRange     '3.0.0',
472 silly addNameRange     '3.0.1',
472 silly addNameRange     '3.0.2',
472 silly addNameRange     '4.0.0',
472 silly addNameRange     '4.0.1' ] ]
473 verbose addNamed get-stdin@4.0.1
474 silly addNamed semver.valid 4.0.1
475 silly addNamed semver.validRange 4.0.1
476 silly cache afterAdd get-stdin@4.0.1
477 verbose afterAdd /Users/Adrian/.npm/get-stdin/4.0.1/package/package.json not in flight; writing
478 verbose afterAdd /Users/Adrian/.npm/get-stdin/4.0.1/package/package.json written
479 http 304 https://registry.npmjs.org/meow
480 silly get cb [ 304,
480 silly get   { date: 'Tue, 12 May 2015 18:20:47 GMT',
480 silly get     via: '1.1 varnish',
480 silly get     'cache-control': 'max-age=60',
480 silly get     etag: '"10ZQ2FVJ47D5M5WB1X4SAWQ04"',
480 silly get     age: '2',
480 silly get     connection: 'keep-alive',
480 silly get     'x-served-by': 'cache-ams4138-AMS',
480 silly get     'x-cache': 'HIT',
480 silly get     'x-cache-hits': '1',
480 silly get     'x-timer': 'S1431454847.634466,VS0,VE0',
480 silly get     vary: 'Accept' } ]
481 verbose etag https://registry.npmjs.org/meow from cache
482 verbose get saving meow to /Users/Adrian/.npm/registry.npmjs.org/meow/.cache.json
483 http 304 https://registry.npmjs.org/mkdirp
484 silly get cb [ 304,
484 silly get   { date: 'Tue, 12 May 2015 18:20:47 GMT',
484 silly get     via: '1.1 varnish',
484 silly get     'cache-control': 'max-age=60',
484 silly get     etag: '"9PT3APOPCTG7ZB8ZHKLNLHQ2T"',
484 silly get     age: '39',
484 silly get     connection: 'keep-alive',
484 silly get     'x-served-by': 'cache-ams4146-AMS',
484 silly get     'x-cache': 'HIT',
484 silly get     'x-cache-hits': '1',
484 silly get     'x-timer': 'S1431454847.635390,VS0,VE0',
484 silly get     vary: 'Accept' } ]
485 verbose etag https://registry.npmjs.org/mkdirp from cache
486 verbose get saving mkdirp to /Users/Adrian/.npm/registry.npmjs.org/mkdirp/.cache.json
487 silly addNameRange number 2 { name: 'meow', range: '>=3.1.0 <4.0.0', hasData: true }
488 silly addNameRange versions [ 'meow', [ '1.0.0', '2.0.0', '2.1.0', '3.0.0', '3.1.0' ] ]
489 verbose addNamed meow@3.1.0
490 silly addNamed semver.valid 3.1.0
491 silly addNamed semver.validRange 3.1.0
492 silly addNameRange number 2 { name: 'mkdirp', range: '>=0.5.0 <0.6.0', hasData: true }
493 silly addNameRange versions [ 'mkdirp',
493 silly addNameRange   [ '0.0.1',
493 silly addNameRange     '0.0.2',
493 silly addNameRange     '0.0.3',
493 silly addNameRange     '0.0.4',
493 silly addNameRange     '0.0.5',
493 silly addNameRange     '0.0.6',
493 silly addNameRange     '0.0.7',
493 silly addNameRange     '0.1.0',
493 silly addNameRange     '0.2.0',
493 silly addNameRange     '0.2.1',
493 silly addNameRange     '0.2.2',
493 silly addNameRange     '0.3.0',
493 silly addNameRange     '0.3.1',
493 silly addNameRange     '0.3.2',
493 silly addNameRange     '0.3.3',
493 silly addNameRange     '0.3.4',
493 silly addNameRange     '0.3.5',
493 silly addNameRange     '0.4.0',
493 silly addNameRange     '0.4.1',
493 silly addNameRange     '0.4.2',
493 silly addNameRange     '0.5.0' ] ]
494 verbose addNamed mkdirp@0.5.0
495 silly addNamed semver.valid 0.5.0
496 silly addNamed semver.validRange 0.5.0
497 http 304 https://registry.npmjs.org/npmconf
498 silly get cb [ 304,
498 silly get   { date: 'Tue, 12 May 2015 18:20:47 GMT',
498 silly get     via: '1.1 varnish',
498 silly get     'cache-control': 'max-age=60',
498 silly get     etag: '"BIMZ2D65K180LLQ9AUTWNT859"',
498 silly get     age: '18',
498 silly get     connection: 'keep-alive',
498 silly get     'x-served-by': 'cache-ams4150-AMS',
498 silly get     'x-cache': 'HIT',
498 silly get     'x-cache-hits': '2',
498 silly get     'x-timer': 'S1431454847.640834,VS0,VE0',
498 silly get     vary: 'Accept' } ]
499 verbose etag https://registry.npmjs.org/npmconf from cache
500 verbose get saving npmconf to /Users/Adrian/.npm/registry.npmjs.org/npmconf/.cache.json
501 silly cache afterAdd meow@3.1.0
502 verbose afterAdd /Users/Adrian/.npm/meow/3.1.0/package/package.json not in flight; writing
503 silly cache afterAdd mkdirp@0.5.0
504 verbose afterAdd /Users/Adrian/.npm/mkdirp/0.5.0/package/package.json not in flight; writing
505 silly addNameRange number 2 { name: 'npmconf', range: '>=2.1.1 <3.0.0', hasData: true }
506 silly addNameRange versions [ 'npmconf',
506 silly addNameRange   [ '0.0.1',
506 silly addNameRange     '0.0.2',
506 silly addNameRange     '0.0.3',
506 silly addNameRange     '0.0.4',
506 silly addNameRange     '0.0.5',
506 silly addNameRange     '0.0.6',
506 silly addNameRange     '0.0.7',
506 silly addNameRange     '0.0.8',
506 silly addNameRange     '0.0.9',
506 silly addNameRange     '0.0.10',
506 silly addNameRange     '0.0.11',
506 silly addNameRange     '0.0.12',
506 silly addNameRange     '0.0.14',
506 silly addNameRange     '0.0.15',
506 silly addNameRange     '0.0.16',
506 silly addNameRange     '0.0.17',
506 silly addNameRange     '0.0.18',
506 silly addNameRange     '0.0.19',
506 silly addNameRange     '0.0.20',
506 silly addNameRange     '0.0.21',
506 silly addNameRange     '0.0.22',
506 silly addNameRange     '0.0.23',
506 silly addNameRange     '0.0.24',
506 silly addNameRange     '0.0.25',
506 silly addNameRange     '0.1.0',
506 silly addNameRange     '0.1.1',
506 silly addNameRange     '0.1.2',
506 silly addNameRange     '0.1.3',
506 silly addNameRange     '0.1.4',
506 silly addNameRange     '0.1.5',
506 silly addNameRange     '0.1.6',
506 silly addNameRange     '0.1.7',
506 silly addNameRange     '0.1.8',
506 silly addNameRange     '0.1.9',
506 silly addNameRange     '0.1.11',
506 silly addNameRange     '0.1.12',
506 silly addNameRange     '0.1.13',
506 silly addNameRange     '0.1.14',
506 silly addNameRange     '0.1.15',
506 silly addNameRange     '0.1.16',
506 silly addNameRange     '0.2.0',
506 silly addNameRange     '1.0.0',
506 silly addNameRange     '1.0.1',
506 silly addNameRange     '1.0.2',
506 silly addNameRange     '1.0.3',
506 silly addNameRange     '1.0.4',
506 silly addNameRange     '1.0.5',
506 silly addNameRange     '1.0.6',
506 silly addNameRange     '1.1.0',
506 silly addNameRange     '1.1.1',
506 silly addNameRange     '1.1.2',
506 silly addNameRange     '1.1.3',
506 silly addNameRange     '1.1.4',
506 silly addNameRange     '2.0.0',
506 silly addNameRange     '2.0.1',
506 silly addNameRange     '2.0.2',
506 silly addNameRange     '2.0.3',
506 silly addNameRange     '2.0.4',
506 silly addNameRange     '2.0.5',
506 silly addNameRange     '1.1.5',
506 silly addNameRange     '2.0.6',
506 silly addNameRange     '2.0.7',
506 silly addNameRange     '2.0.8',
506 silly addNameRange     '1.1.6',
506 silly addNameRange     '1.1.7',
506 silly addNameRange     '1.1.8',
506 silly addNameRange     '2.0.9',
506 silly addNameRange     '2.1.0',
506 silly addNameRange     '2.1.1',
506 silly addNameRange     '1.1.9' ] ]
507 verbose addNamed npmconf@2.1.1
508 silly addNamed semver.valid 2.1.1
509 silly addNamed semver.validRange 2.1.1
510 verbose afterAdd /Users/Adrian/.npm/meow/3.1.0/package/package.json written
511 verbose afterAdd /Users/Adrian/.npm/mkdirp/0.5.0/package/package.json written
512 silly cache afterAdd npmconf@2.1.1
513 verbose afterAdd /Users/Adrian/.npm/npmconf/2.1.1/package/package.json not in flight; writing
514 verbose afterAdd /Users/Adrian/.npm/npmconf/2.1.1/package/package.json written
515 http 200 https://registry.npmjs.org/sass-graph
516 silly get cb [ 200,
516 silly get   { server: 'CouchDB/1.5.0 (Erlang OTP/R16B03)',
516 silly get     etag: '"5B3JXMDT92XFC1SBFJ27MNE3Z"',
516 silly get     'content-type': 'application/json',
516 silly get     'cache-control': 'max-age=60',
516 silly get     'content-length': '15366',
516 silly get     'accept-ranges': 'bytes',
516 silly get     date: 'Tue, 12 May 2015 18:20:47 GMT',
516 silly get     via: '1.1 varnish',
516 silly get     age: '32',
516 silly get     connection: 'keep-alive',
516 silly get     'x-served-by': 'cache-ams4124-AMS',
516 silly get     'x-cache': 'HIT',
516 silly get     'x-cache-hits': '1',
516 silly get     'x-timer': 'S1431454847.652706,VS0,VE0',
516 silly get     vary: 'Accept' } ]
517 verbose get saving sass-graph to /Users/Adrian/.npm/registry.npmjs.org/sass-graph/.cache.json
518 silly addNameRange number 2 { name: 'sass-graph', range: '>=2.0.0 <3.0.0', hasData: true }
519 silly addNameRange versions [ 'sass-graph',
519 silly addNameRange   [ '0.1.0',
519 silly addNameRange     '0.1.1',
519 silly addNameRange     '0.1.2',
519 silly addNameRange     '1.0.0',
519 silly addNameRange     '1.0.1',
519 silly addNameRange     '1.0.2',
519 silly addNameRange     '1.0.3',
519 silly addNameRange     '1.1.0',
519 silly addNameRange     '1.2.0',
519 silly addNameRange     '1.3.0',
519 silly addNameRange     '2.0.0' ] ]
520 verbose addNamed sass-graph@2.0.0
521 silly addNamed semver.valid 2.0.0
522 silly addNamed semver.validRange 2.0.0
523 silly mapToRegistry name sass-graph
524 silly mapToRegistry using default registry
525 silly mapToRegistry registry https://registry.npmjs.org/
526 silly mapToRegistry uri https://registry.npmjs.org/sass-graph
527 verbose addRemoteTarball https://registry.npmjs.org/sass-graph/-/sass-graph-2.0.0.tgz not in flight; adding
528 verbose addRemoteTarball [ 'https://registry.npmjs.org/sass-graph/-/sass-graph-2.0.0.tgz',
528 verbose addRemoteTarball   '527d87d8597c8d3f254e1159796ae38b9ff99ef5' ]
529 info retry fetch attempt 1 at 19:20:47
530 info attempt registry request try #1 at 19:20:47
531 http fetch GET https://registry.npmjs.org/sass-graph/-/sass-graph-2.0.0.tgz
532 http 200 https://registry.npmjs.org/glob
533 silly get cb [ 200,
533 silly get   { server: 'CouchDB/1.5.0 (Erlang OTP/R16B03)',
533 silly get     etag: '"23LRML2XK9MJY4RZ00E537LMI"',
533 silly get     'content-type': 'application/json',
533 silly get     'cache-control': 'max-age=60',
533 silly get     'content-length': '95940',
533 silly get     'accept-ranges': 'bytes',
533 silly get     date: 'Tue, 12 May 2015 18:20:47 GMT',
533 silly get     via: '1.1 varnish',
533 silly get     age: '3',
533 silly get     connection: 'keep-alive',
533 silly get     'x-served-by': 'cache-ams4145-AMS',
533 silly get     'x-cache': 'HIT',
533 silly get     'x-cache-hits': '1',
533 silly get     'x-timer': 'S1431454847.636600,VS0,VE0',
533 silly get     vary: 'Accept' } ]
534 verbose get saving glob to /Users/Adrian/.npm/registry.npmjs.org/glob/.cache.json
535 silly addNameRange number 2 { name: 'glob', range: '>=5.0.3 <6.0.0', hasData: true }
536 silly addNameRange versions [ 'glob',
536 silly addNameRange   [ '1.1.0',
536 silly addNameRange     '2.0.9',
536 silly addNameRange     '2.0.8',
536 silly addNameRange     '2.0.7',
536 silly addNameRange     '2.1.0',
536 silly addNameRange     '3.0.0',
536 silly addNameRange     '3.0.1',
536 silly addNameRange     '3.1.0',
536 silly addNameRange     '3.1.1',
536 silly addNameRange     '3.1.2',
536 silly addNameRange     '3.1.3',
536 silly addNameRange     '3.1.4',
536 silly addNameRange     '3.1.5',
536 silly addNameRange     '3.1.6',
536 silly addNameRange     '3.1.7',
536 silly addNameRange     '3.1.9',
536 silly addNameRange     '3.1.10',
536 silly addNameRange     '3.1.11',
536 silly addNameRange     '3.1.12',
536 silly addNameRange     '3.1.13',
536 silly addNameRange     '3.1.14',
536 silly addNameRange     '3.1.15',
536 silly addNameRange     '3.1.16',
536 silly addNameRange     '3.1.17',
536 silly addNameRange     '3.1.18',
536 silly addNameRange     '3.1.19',
536 silly addNameRange     '3.1.20',
536 silly addNameRange     '3.1.21',
536 silly addNameRange     '3.2.0',
536 silly addNameRange     '3.2.1',
536 silly addNameRange     '3.2.3',
536 silly addNameRange     '3.2.4',
536 silly addNameRange     '3.2.5',
536 silly addNameRange     '3.2.6',
536 silly addNameRange     '3.2.7',
536 silly addNameRange     '3.2.8',
536 silly addNameRange     '3.2.9',
536 silly addNameRange     '3.2.10',
536 silly addNameRange     '3.2.11',
536 silly addNameRange     '4.0.0',
536 silly addNameRange     '4.0.1',
536 silly addNameRange     '4.0.2',
536 silly addNameRange     '4.0.3',
536 silly addNameRange     '4.0.4',
536 silly addNameRange     '4.0.5',
536 silly addNameRange     '4.0.6',
536 silly addNameRange     '4.1.2-beta',
536 silly addNameRange     '4.1.2',
536 silly addNameRange     '4.1.3',
536 silly addNameRange     '4.1.4',
536 silly addNameRange     '4.1.5',
536 silly addNameRange     '4.1.6',
536 silly addNameRange     '4.2.0',
536 silly addNameRange     '4.2.1',
536 silly addNameRange     '4.2.2',
536 silly addNameRange     '4.3.0',
536 silly addNameRange     '4.3.1',
536 silly addNameRange     '4.3.2',
536 silly addNameRange     '4.3.3',
536 silly addNameRange     '4.3.4',
536 silly addNameRange     '4.3.5',
536 silly addNameRange     '4.4.0',
536 silly addNameRange     '4.4.2',
536 silly addNameRange     '4.5.0',
536 silly addNameRange     '5.0.0',
536 silly addNameRange     '4.5.1',
536 silly addNameRange     '5.0.1',
536 silly addNameRange     '4.5.2',
536 silly addNameRange     '5.0.2',
536 silly addNameRange     '4.5.3',
536 silly addNameRange     '5.0.3',
536 silly addNameRange     '5.0.4',
536 silly addNameRange     '5.0.5' ] ]
537 verbose addNamed glob@5.0.5
538 silly addNamed semver.valid 5.0.5
539 silly addNamed semver.validRange 5.0.5
540 silly mapToRegistry name glob
541 silly mapToRegistry using default registry
542 silly mapToRegistry registry https://registry.npmjs.org/
543 silly mapToRegistry uri https://registry.npmjs.org/glob
544 verbose addRemoteTarball https://registry.npmjs.org/glob/-/glob-5.0.5.tgz not in flight; adding
545 verbose addRemoteTarball [ 'https://registry.npmjs.org/glob/-/glob-5.0.5.tgz',
545 verbose addRemoteTarball   '784431e4e29a900ae0d47fba6aa1c7f16a8e7df7' ]
546 info retry fetch attempt 1 at 19:20:47
547 info attempt registry request try #1 at 19:20:47
548 http fetch GET https://registry.npmjs.org/glob/-/glob-5.0.5.tgz
549 http 200 https://registry.npmjs.org/nan
550 silly get cb [ 200,
550 silly get   { server: 'CouchDB/1.5.0 (Erlang OTP/R16B03)',
550 silly get     etag: '"D9X1WVB37H5NYMOI61FHEOYM0"',
550 silly get     'content-type': 'application/json',
550 silly get     'cache-control': 'max-age=60',
550 silly get     'content-length': '109453',
550 silly get     'accept-ranges': 'bytes',
550 silly get     date: 'Tue, 12 May 2015 18:20:47 GMT',
550 silly get     via: '1.1 varnish',
550 silly get     age: '32',
550 silly get     connection: 'keep-alive',
550 silly get     'x-served-by': 'cache-ams4143-AMS',
550 silly get     'x-cache': 'HIT',
550 silly get     'x-cache-hits': '1',
550 silly get     'x-timer': 'S1431454847.652411,VS0,VE0',
550 silly get     vary: 'Accept' } ]
551 verbose get saving nan to /Users/Adrian/.npm/registry.npmjs.org/nan/.cache.json
552 silly addNameRange number 2 { name: 'nan', range: '>=1.8.4 <2.0.0', hasData: true }
553 silly addNameRange versions [ 'nan',
553 silly addNameRange   [ '0.3.0-wip',
553 silly addNameRange     '0.3.0-wip2',
553 silly addNameRange     '0.3.0',
553 silly addNameRange     '0.3.1',
553 silly addNameRange     '0.3.2',
553 silly addNameRange     '0.4.0',
553 silly addNameRange     '0.4.1',
553 silly addNameRange     '0.4.2',
553 silly addNameRange     '0.4.3',
553 silly addNameRange     '0.4.4',
553 silly addNameRange     '0.5.0',
553 silly addNameRange     '0.5.1',
553 silly addNameRange     '0.5.2',
553 silly addNameRange     '0.6.0',
553 silly addNameRange     '0.7.0',
553 silly addNameRange     '0.7.1',
553 silly addNameRange     '0.8.0',
553 silly addNameRange     '1.0.0',
553 silly addNameRange     '1.1.0',
553 silly addNameRange     '1.1.1',
553 silly addNameRange     '1.1.2',
553 silly addNameRange     '1.2.0',
553 silly addNameRange     '1.3.0',
553 silly addNameRange     '1.4.0',
553 silly addNameRange     '1.4.1',
553 silly addNameRange     '1.5.0',
553 silly addNameRange     '1.4.2',
553 silly addNameRange     '1.4.3',
553 silly addNameRange     '1.5.1',
553 silly addNameRange     '1.5.2',
553 silly addNameRange     '1.6.0',
553 silly addNameRange     '1.5.3',
553 silly addNameRange     '1.6.1',
553 silly addNameRange     '1.6.2',
553 silly addNameRange     '1.7.0',
553 silly addNameRange     '1.8.0',
553 silly addNameRange     '1.8.1',
553 silly addNameRange     '1.8.2',
553 silly addNameRange     '1.8.3',
553 silly addNameRange     '1.8.4' ] ]
554 verbose addNamed nan@1.8.4
555 silly addNamed semver.valid 1.8.4
556 silly addNamed semver.validRange 1.8.4
557 silly mapToRegistry name nan
558 silly mapToRegistry using default registry
559 silly mapToRegistry registry https://registry.npmjs.org/
560 silly mapToRegistry uri https://registry.npmjs.org/nan
561 verbose addRemoteTarball https://registry.npmjs.org/nan/-/nan-1.8.4.tgz not in flight; adding
562 verbose addRemoteTarball [ 'https://registry.npmjs.org/nan/-/nan-1.8.4.tgz',
562 verbose addRemoteTarball   '3c76b5382eab33e44b758d2813ca9d92e9342f34' ]
563 info retry fetch attempt 1 at 19:20:48
564 info attempt registry request try #1 at 19:20:48
565 http fetch GET https://registry.npmjs.org/nan/-/nan-1.8.4.tgz
566 http fetch 200 https://registry.npmjs.org/async-foreach/-/async-foreach-0.1.3.tgz
567 silly fetchAndShaCheck shasum 36121f845c0578172de419a97dbeb1d16ec34542
568 verbose addTmpTarball /var/folders/kp/ppcx9bp50wb5gg6ltsm74j_c0000gn/T/npm-2109-dcad782c/registry.npmjs.org/async-foreach/-/async-foreach-0.1.3.tgz not in flight; adding
569 verbose addTmpTarball already have metadata; skipping unpack for async-foreach@0.1.3
570 silly cache afterAdd async-foreach@0.1.3
571 verbose afterAdd /Users/Adrian/.npm/async-foreach/0.1.3/package/package.json not in flight; writing
572 verbose afterAdd /Users/Adrian/.npm/async-foreach/0.1.3/package/package.json written
573 http fetch 200 https://registry.npmjs.org/sass-graph/-/sass-graph-2.0.0.tgz
574 silly fetchAndShaCheck shasum 527d87d8597c8d3f254e1159796ae38b9ff99ef5
575 verbose addTmpTarball /var/folders/kp/ppcx9bp50wb5gg6ltsm74j_c0000gn/T/npm-2109-dcad782c/registry.npmjs.org/sass-graph/-/sass-graph-2.0.0.tgz not in flight; adding
576 verbose addTmpTarball already have metadata; skipping unpack for sass-graph@2.0.0
577 http 200 https://registry.npmjs.org/request
578 silly get cb [ 200,
578 silly get   { server: 'CouchDB/1.5.0 (Erlang OTP/R16B03)',
578 silly get     etag: '"6I3X21D2HELQD0IHMX6IBLMCC"',
578 silly get     'content-type': 'application/json',
578 silly get     'cache-control': 'max-age=60',
578 silly get     'content-length': '146198',
578 silly get     'accept-ranges': 'bytes',
578 silly get     date: 'Tue, 12 May 2015 18:20:47 GMT',
578 silly get     via: '1.1 varnish',
578 silly get     age: '38',
578 silly get     connection: 'keep-alive',
578 silly get     'x-served-by': 'cache-ams4143-AMS',
578 silly get     'x-cache': 'HIT',
578 silly get     'x-cache-hits': '1',
578 silly get     'x-timer': 'S1431454847.652832,VS0,VE1',
578 silly get     vary: 'Accept' } ]
579 verbose get saving request to /Users/Adrian/.npm/registry.npmjs.org/request/.cache.json
580 silly addNameRange number 2 { name: 'request', range: '>=2.55.0 <3.0.0', hasData: true }
581 silly addNameRange versions [ 'request',
581 silly addNameRange   [ '0.10.0',
581 silly addNameRange     '0.8.3',
581 silly addNameRange     '0.9.0',
581 silly addNameRange     '0.9.1',
581 silly addNameRange     '0.9.5',
581 silly addNameRange     '1.0.0',
581 silly addNameRange     '1.1.0',
581 silly addNameRange     '1.1.1',
581 silly addNameRange     '1.2.0',
581 silly addNameRange     '1.9.0',
581 silly addNameRange     '1.9.1',
581 silly addNameRange     '1.9.2',
581 silly addNameRange     '1.9.3',
581 silly addNameRange     '1.9.5',
581 silly addNameRange     '1.9.7',
581 silly addNameRange     '1.9.8',
581 silly addNameRange     '1.9.9',
581 silly addNameRange     '2.0.0',
581 silly addNameRange     '2.0.1',
581 silly addNameRange     '2.0.2',
581 silly addNameRange     '2.0.3',
581 silly addNameRange     '2.0.4',
581 silly addNameRange     '2.0.5',
581 silly addNameRange     '2.1.0',
581 silly addNameRange     '2.1.1',
581 silly addNameRange     '2.2.0',
581 silly addNameRange     '2.2.5',
581 silly addNameRange     '2.2.6',
581 silly addNameRange     '2.2.9',
581 silly addNameRange     '2.9.0',
581 silly addNameRange     '2.9.1',
581 silly addNameRange     '2.9.2',
581 silly addNameRange     '2.9.3',
581 silly addNameRange     '2.9.100',
581 silly addNameRange     '2.9.150',
581 silly addNameRange     '2.9.151',
581 silly addNameRange     '2.9.152',
581 silly addNameRange     '2.9.153',
581 silly addNameRange     '2.9.200',
581 silly addNameRange     '2.9.201',
581 silly addNameRange     '2.9.202',
581 silly addNameRange     '2.9.203',
581 silly addNameRange     '2.10.0',
581 silly addNameRange     '2.11.0',
581 silly addNameRange     '2.11.1',
581 silly addNameRange     '2.11.2',
581 silly addNameRange     '2.11.3',
581 silly addNameRange     '2.11.4',
581 silly addNameRange     '2.12.0',
581 silly addNameRange     '2.14.0',
581 silly addNameRange     '2.16.0',
581 silly addNameRange     '2.16.2',
581 silly addNameRange     '2.16.4',
581 silly addNameRange     '2.16.6',
581 silly addNameRange     '2.18.0',
581 silly addNameRange     '2.19.0',
581 silly addNameRange     '2.20.0',
581 silly addNameRange     '2.21.0',
581 silly addNameRange     '2.22.0',
581 silly addNameRange     '2.23.0',
581 silly addNameRange     '2.24.0',
581 silly addNameRange     '2.25.0',
581 silly addNameRange     '2.26.0',
581 silly addNameRange     '2.27.0',
581 silly addNameRange     '2.28.0',
581 silly addNameRange     '2.29.0',
581 silly addNameRange     '2.30.0',
581 silly addNameRange     '2.31.0',
581 silly addNameRange     '2.32.0',
581 silly addNameRange     '2.33.0',
581 silly addNameRange     '2.34.0',
581 silly addNameRange     '2.35.0',
581 silly addNameRange     '2.36.0',
581 silly addNameRange     '2.37.0',
581 silly addNameRange     '2.38.0',
581 silly addNameRange     '2.39.0',
581 silly addNameRange     '2.40.0',
581 silly addNameRange     '2.41.0',
581 silly addNameRange     '2.42.0',
581 silly addNameRange     '2.43.0',
581 silly addNameRange     '2.44.0',
581 silly addNameRange     '2.45.0',
581 silly addNameRange     '2.46.0',
581 silly addNameRange     '2.47.0',
581 silly addNameRange     '2.48.0',
581 silly addNameRange     '2.49.0',
581 silly addNameRange     '2.50.0',
581 silly addNameRange     '2.51.0',
581 silly addNameRange     '2.52.0',
581 silly addNameRange     '2.53.0',
581 silly addNameRange     '2.54.0',
581 silly addNameRange     '2.55.0' ] ]
582 verbose addNamed request@2.55.0
583 silly addNamed semver.valid 2.55.0
584 silly addNamed semver.validRange 2.55.0
585 silly cache afterAdd request@2.55.0
586 verbose afterAdd /Users/Adrian/.npm/request/2.55.0/package/package.json not in flight; writing
587 verbose afterAdd /Users/Adrian/.npm/request/2.55.0/package/package.json written
588 http fetch 200 https://registry.npmjs.org/glob/-/glob-5.0.5.tgz
589 silly fetchAndShaCheck shasum 784431e4e29a900ae0d47fba6aa1c7f16a8e7df7
590 verbose addTmpTarball /var/folders/kp/ppcx9bp50wb5gg6ltsm74j_c0000gn/T/npm-2109-dcad782c/registry.npmjs.org/glob/-/glob-5.0.5.tgz not in flight; adding
591 verbose addTmpTarball already have metadata; skipping unpack for glob@5.0.5
592 http 200 https://registry.npmjs.org/chalk
593 silly get cb [ 200,
593 silly get   { server: 'CouchDB/1.5.0 (Erlang OTP/R16B03)',
593 silly get     etag: '"DN851AID5KMK6298EM554EBW5"',
593 silly get     'content-type': 'application/json',
593 silly get     'cache-control': 'max-age=60',
593 silly get     'content-length': '20313',
593 silly get     'accept-ranges': 'bytes',
593 silly get     date: 'Tue, 12 May 2015 18:20:47 GMT',
593 silly get     via: '1.1 varnish',
593 silly get     age: '34',
593 silly get     connection: 'keep-alive',
593 silly get     'x-served-by': 'cache-ams4146-AMS',
593 silly get     'x-cache': 'HIT',
593 silly get     'x-cache-hits': '3',
593 silly get     'x-timer': 'S1431454847.992121,VS0,VE0',
593 silly get     vary: 'Accept' } ]
594 verbose get saving chalk to /Users/Adrian/.npm/registry.npmjs.org/chalk/.cache.json
595 silly addNameRange number 2 { name: 'chalk', range: '>=1.0.0 <2.0.0', hasData: true }
596 silly addNameRange versions [ 'chalk',
596 silly addNameRange   [ '0.1.0',
596 silly addNameRange     '0.1.1',
596 silly addNameRange     '0.2.0',
596 silly addNameRange     '0.2.1',
596 silly addNameRange     '0.3.0',
596 silly addNameRange     '0.4.0',
596 silly addNameRange     '0.5.0',
596 silly addNameRange     '0.5.1',
596 silly addNameRange     '1.0.0' ] ]
597 verbose addNamed chalk@1.0.0
598 silly addNamed semver.valid 1.0.0
599 silly addNamed semver.validRange 1.0.0
600 silly cache afterAdd chalk@1.0.0
601 verbose afterAdd /Users/Adrian/.npm/chalk/1.0.0/package/package.json not in flight; writing
602 verbose afterAdd /Users/Adrian/.npm/chalk/1.0.0/package/package.json written
603 http fetch 200 https://registry.npmjs.org/nan/-/nan-1.8.4.tgz
604 silly fetchAndShaCheck shasum 3c76b5382eab33e44b758d2813ca9d92e9342f34
605 verbose addTmpTarball /var/folders/kp/ppcx9bp50wb5gg6ltsm74j_c0000gn/T/npm-2109-dcad782c/registry.npmjs.org/nan/-/nan-1.8.4.tgz not in flight; adding
606 verbose addTmpTarball already have metadata; skipping unpack for nan@1.8.4
607 http 200 https://registry.npmjs.org/gaze
608 silly get cb [ 200,
608 silly get   { server: 'CouchDB/1.5.0 (Erlang OTP/R16B03)',
608 silly get     etag: '"73G901TXN8KGRTEFWTUSJB72M"',
608 silly get     'content-type': 'application/json',
608 silly get     'cache-control': 'max-age=60',
608 silly get     'content-length': '49613',
608 silly get     'accept-ranges': 'bytes',
608 silly get     date: 'Tue, 12 May 2015 18:20:48 GMT',
608 silly get     via: '1.1 varnish',
608 silly get     age: '0',
608 silly get     connection: 'keep-alive',
608 silly get     'x-served-by': 'cache-ams4140-AMS',
608 silly get     'x-cache': 'HIT',
608 silly get     'x-cache-hits': '1',
608 silly get     'x-timer': 'S1431454847.613932,VS0,VE665',
608 silly get     vary: 'Accept' } ]
609 verbose get saving gaze to /Users/Adrian/.npm/registry.npmjs.org/gaze/.cache.json
610 silly addNameRange number 2 { name: 'gaze', range: '>=0.5.1 <0.6.0', hasData: true }
611 silly addNameRange versions [ 'gaze',
611 silly addNameRange   [ '0.1.0',
611 silly addNameRange     '0.1.1',
611 silly addNameRange     '0.1.2',
611 silly addNameRange     '0.1.3',
611 silly addNameRange     '0.1.4',
611 silly addNameRange     '0.1.5',
611 silly addNameRange     '0.1.6',
611 silly addNameRange     '0.2.0',
611 silly addNameRange     '0.2.1',
611 silly addNameRange     '0.2.2',
611 silly addNameRange     '0.3.0',
611 silly addNameRange     '0.3.1',
611 silly addNameRange     '0.3.2',
611 silly addNameRange     '0.3.3',
611 silly addNameRange     '0.3.4',
611 silly addNameRange     '0.4.0',
611 silly addNameRange     '0.4.1',
611 silly addNameRange     '0.4.2',
611 silly addNameRange     '0.4.3',
611 silly addNameRange     '0.5.0',
611 silly addNameRange     '0.5.1',
611 silly addNameRange     '0.6.0',
611 silly addNameRange     '0.6.1',
611 silly addNameRange     '0.6.2',
611 silly addNameRange     '0.6.3',
611 silly addNameRange     '0.6.4' ] ]
612 verbose addNamed gaze@0.5.1
613 silly addNamed semver.valid 0.5.1
614 silly addNamed semver.validRange 0.5.1
615 silly cache afterAdd gaze@0.5.1
616 verbose afterAdd /Users/Adrian/.npm/gaze/0.5.1/package/package.json not in flight; writing
617 verbose afterAdd /Users/Adrian/.npm/gaze/0.5.1/package/package.json written
618 error git clone --template=/Users/Adrian/.npm/_git-remotes/_templates --mirror git://github.com/am11/pangyp.git /Users/Adrian/.npm/_git-remotes/git-github-com-am11-pangyp-git-7eb24aaa
619 verbose git clone --template=/Users/Adrian/.npm/_git-remotes/_templates --mirror git://github.com/am11/pangyp.git /Users/Adrian/.npm/_git-remotes/git-github-com-am11-pangyp-git-7eb24aaa: Cloning into bare repository '/Users/Adrian/.npm/_git-remotes/git-github-com-am11-pangyp-git-7eb24aaa'...
619 verbose git clone --template=/Users/Adrian/.npm/_git-remotes/_templates --mirror git://github.com/am11/pangyp.git /Users/Adrian/.npm/_git-remotes/git-github-com-am11-pangyp-git-7eb24aaa: fatal: unable to connect to github.com:
619 verbose git clone --template=/Users/Adrian/.npm/_git-remotes/_templates --mirror git://github.com/am11/pangyp.git /Users/Adrian/.npm/_git-remotes/git-github-com-am11-pangyp-git-7eb24aaa: github.com[0: 192.30.252.129]: errno=Operation timed out
620 info maybeGithub Couldn't clone git://github.com/am11/pangyp.git
621 info maybeGithub Now attempting git+https://github.com/am11/pangyp from git@github.com:am11/pangyp.git
622 verbose addRemoteGit git-github-com-am11-pangyp-git-a953a761 not in flight; caching
623 info git [ 'clone',
623 info git   '--template=/Users/Adrian/.npm/_git-remotes/_templates',
623 info git   '--mirror',
623 info git   'git@github.com:am11/pangyp.git',
623 info git   '/Users/Adrian/.npm/_git-remotes/git-github-com-am11-pangyp-git-a953a761' ]
624 verbose addRemoteGit git clone git@github.com:am11/pangyp.git
625 verbose addRemoteGit set permissions on /Users/Adrian/.npm/_git-remotes/git-github-com-am11-pangyp-git-a953a761
626 verbose addRemoteGit original treeish: master
627 info git [ 'rev-list', '-n1', 'master' ]
628 silly addRemoteGit resolved treeish: f13599f5198b853948429062c2b334010a337342
629 verbose stack TypeError: Cannot read property 'charAt' of undefined
629 verbose stack     at getResolved (/usr/local/lib/node_modules/npm/lib/cache/add-remote-git.js:357:13)
629 verbose stack     at /usr/local/lib/node_modules/npm/lib/cache/add-remote-git.js:220:23
629 verbose stack     at /usr/local/lib/node_modules/npm/lib/utils/git.js:26:8
629 verbose stack     at ChildProcess.exithandler (child_process.js:742:7)
629 verbose stack     at ChildProcess.emit (events.js:110:17)
629 verbose stack     at maybeClose (child_process.js:1015:16)
629 verbose stack     at Socket.<anonymous> (child_process.js:1183:11)
629 verbose stack     at Socket.emit (events.js:107:17)
629 verbose stack     at Pipe.close (net.js:485:12)
630 verbose cwd /Users/Adrian/Documents/workspace/PL/proyecto/PEG_PROJECT
631 error Darwin 14.0.0
632 error argv "node" "/usr/local/bin/npm" "install" "node-sass" "--save-dev"
633 error node v0.12.2
634 error npm  v2.7.4
635 error Cannot read property 'charAt' of undefined
636 error If you need help, you may report this error at:
636 error     <https://github.com/npm/npm/issues>
637 verbose exit [ 1, true ]
